<?xml version="1.0" encoding="UTF-8"?>
<testsuite xmlns:xsi="http://www.w3.org/2001/XMLSchema-instance" xsi:noNamespaceSchemaLocation="https://maven.apache.org/surefire/maven-surefire-plugin/xsd/surefire-test-report-3.0.xsd" version="3.0" name="com.gatekeeper.filter.security.JwtAuthenticationFilterTest" time="0.595" tests="3" errors="0" skipped="0" failures="0">
  <properties>
[...]
</properties>
  <testcase name="shouldContinueChainWhenTokenIsMissing" classname="com.gatekeeper.filter.security.JwtAuthenticationFilterTest" time="0.141"/>
  <testcase name="shouldContinueChainWhenTokenIsInvalid" classname="com.gatekeeper.filter.security.JwtAuthenticationFilterTest" time="0.388"/>
  <testcase name="shouldPopulateSecurityContextAndContinueChainForValidToken" classname="com.gatekeeper.filter.security.JwtAuthenticationFilterTest" time="0.049"/>
</testsuite>