<?xml version="1.0" encoding="UTF-8"?>
<testsuite xmlns:xsi="http://www.w3.org/2001/XMLSchema-instance" xsi:noNamespaceSchemaLocation="https://maven.apache.org/surefire/maven-surefire-plugin/xsd/surefire-test-report-3.0.xsd" version="3.0" name="com.corpmatrix.hr.repository.EmployeeRepositoryTest" time="68.264" tests="2" errors="0" skipped="0" failures="0">
  <properties>
[...]
</properties>
  <testcase name="shouldPersistJoinedEmployeesAndReturnManagerSpanDto" classname="com.corpmatrix.hr.repository.EmployeeRepositoryTest" time="3.596">
    <system-out><![CDATA[10:47:12.712 [main] INFO org.springframework.boot.test.context.SpringBootTestContextBootstrapper -- Found @SpringBootConfiguration com.corpmatrix.hr.CorpMatrixApplication for test class com.corpmatrix.hr.repository.EmployeeRepositoryTest

  .   ____          _            __ _ _
 /\\ / ___'_ __ _ _(_)_ __  __ _ \ \ \ \
( ( )\___ | '_ | '_| | '_ \/ _` | \ \ \ \
 \\/  ___)| |_)| | | | | || (_| |  ) ) ) )
  '  |____| .__|_| |_|_| |_\__, | / / / /
 =========|_|==============|___/=/_/_/_/
 :: Spring Boot ::                (v3.2.8)

2026-06-18T10:47:21.526+05:30  INFO 26888 --- [           main] c.c.h.repository.EmployeeRepositoryTest  : Starting EmployeeRepositoryTest using Java 23.0.2 with PID 26888 (started by ruchi in C:\Users\ruchi\Documents\DSWC_FSD\DAY-07\Problem-03)
2026-06-18T10:47:21.591+05:30  INFO 26888 --- [           main] c.c.h.repository.EmployeeRepositoryTest  : No active profile set, falling back to 1 default profile: "default"
2026-06-18T10:47:21.610+05:30 DEBUG 26888 --- [           main] o.s.boot.SpringApplication               : Loading source class com.corpmatrix.hr.CorpMatrixApplication
2026-06-18T10:47:32.999+05:30  INFO 26888 --- [           main] .s.d.r.c.RepositoryConfigurationDelegate : Bootstrapping Spring Data JPA repositories in DEFAULT mode.
2026-06-18T10:47:33.300+05:30 DEBUG 26888 --- [           main] o.s.b.a.AutoConfigurationPackages        : @EnableAutoConfiguration was declared on a class in the package 'com.corpmatrix.hr'. Automatic @Repository and @Entity scanning is enabled.
2026-06-18T10:47:34.353+05:30  INFO 26888 --- [           main] .s.d.r.c.RepositoryConfigurationDelegate : Finished Spring Data repository scanning in 1122 ms. Found 1 JPA repository interface.
2026-06-18T10:47:35.674+05:30  INFO 26888 --- [           main] beddedDataSourceBeanFactoryPostProcessor : Replacing 'dataSource' DataSource bean with embedded version
2026-06-18T10:47:41.624+05:30  INFO 26888 --- [           main] o.s.j.d.e.EmbeddedDatabaseFactory        : Starting embedded database: url='jdbc:h2:mem:b4edf677-7247-4607-98a0-8ee9760224db;DB_CLOSE_DELAY=-1;DB_CLOSE_ON_EXIT=false', username='sa'
2026-06-18T10:47:49.936+05:30  INFO 26888 --- [           main] o.hibernate.jpa.internal.util.LogHelper  : HHH000204: Processing PersistenceUnitInfo [name: default]
2026-06-18T10:47:51.230+05:30  INFO 26888 --- [           main] org.hibernate.Version                    : HHH000412: Hibernate ORM core version 6.4.9.Final
2026-06-18T10:47:51.999+05:30  INFO 26888 --- [           main] o.h.c.internal.RegionFactoryInitiator    : HHH000026: Second-level cache disabled
2026-06-18T10:47:58.530+05:30  INFO 26888 --- [           main] o.s.o.j.p.SpringPersistenceUnitInfo      : No LoadTimeWeaver setup: ignoring JPA class transformer
2026-06-18T10:48:09.021+05:30  INFO 26888 --- [           main] o.h.e.t.j.p.i.JtaPlatformInitiator       : HHH000489: No JTA platform available (set 'hibernate.transaction.jta.platform' to enable JTA platform integration)
2026-06-18T10:48:09.105+05:30 DEBUG 26888 --- [           main] org.hibernate.SQL                        : drop table if exists contractor cascade 
Hibernate: drop table if exists contractor cascade 
2026-06-18T10:48:09.115+05:30 DEBUG 26888 --- [           main] org.hibernate.SQL                        : drop table if exists employee cascade 
Hibernate: drop table if exists employee cascade 
2026-06-18T10:48:09.116+05:30 DEBUG 26888 --- [           main] org.hibernate.SQL                        : drop table if exists full_time_employee cascade 
Hibernate: drop table if exists full_time_employee cascade 
2026-06-18T10:48:09.131+05:30 DEBUG 26888 --- [           main] org.hibernate.SQL                        : create table contractor (hourly_rate numeric(38,2), id bigint not null, vendor_name varchar(255), primary key (id))
Hibernate: create table contractor (hourly_rate numeric(38,2), id bigint not null, vendor_name varchar(255), primary key (id))
2026-06-18T10:48:09.147+05:30 DEBUG 26888 --- [           main] org.hibernate.SQL                        : create table employee (id bigint generated by default as identity, manager_id bigint, department varchar(255), first_name varchar(255), last_name varchar(255), primary key (id))
Hibernate: create table employee (id bigint generated by default as identity, manager_id bigint, department varchar(255), first_name varchar(255), last_name varchar(255), primary key (id))
2026-06-18T10:48:09.166+05:30 DEBUG 26888 --- [           main] org.hibernate.SQL                        : create table full_time_employee (annual_salary numeric(38,2), id bigint not null, primary key (id))
Hibernate: create table full_time_employee (annual_salary numeric(38,2), id bigint not null, primary key (id))
2026-06-18T10:48:09.171+05:30 DEBUG 26888 --- [           main] org.hibernate.SQL                        : alter table if exists contractor add constraint FKbtqhtumeeol3q5u005r0ducl4 foreign key (id) references employee
Hibernate: alter table if exists contractor add constraint FKbtqhtumeeol3q5u005r0ducl4 foreign key (id) references employee
2026-06-18T10:48:09.213+05:30 DEBUG 26888 --- [           main] org.hibernate.SQL                        : alter table if exists employee add constraint FKou6wbxug1d0qf9mabut3xqblo foreign key (manager_id) references employee
Hibernate: alter table if exists employee add constraint FKou6wbxug1d0qf9mabut3xqblo foreign key (manager_id) references employee
2026-06-18T10:48:09.223+05:30 DEBUG 26888 --- [           main] org.hibernate.SQL                        : alter table if exists full_time_employee add constraint FKhkidbx7pliabdmr4wycrog3mg foreign key (id) references employee
Hibernate: alter table if exists full_time_employee add constraint FKhkidbx7pliabdmr4wycrog3mg foreign key (id) references employee
2026-06-18T10:48:09.238+05:30  INFO 26888 --- [           main] j.LocalContainerEntityManagerFactoryBean : Initialized JPA EntityManagerFactory for persistence unit 'default'
2026-06-18T10:48:10.503+05:30  INFO 26888 --- [           main] o.s.d.j.r.query.QueryEnhancerFactory     : Hibernate is in classpath; If applicable, HQL parser will be used.
2026-06-18T10:48:13.111+05:30 DEBUG 26888 --- [           main] .s.b.a.l.ConditionEvaluationReportLogger : 


============================
CONDITIONS EVALUATION REPORT
============================


Positive matches:
-----------------

   DataSourceAutoConfiguration matched:
      - @ConditionalOnClass found required classes 'javax.sql.DataSource', 'org.springframework.jdbc.datasource.embedded.EmbeddedDatabaseType' (OnClassCondition)
      - @ConditionalOnMissingBean (types: io.r2dbc.spi.ConnectionFactory; SearchStrategy: all) did not find any beans (OnBeanCondition)

   DataSourceAutoConfiguration.PooledDataSourceConfiguration matched:
      - AnyNestedCondition 1 matched 1 did not; NestedCondition on DataSourceAutoConfiguration.PooledDataSourceCondition.PooledDataSourceAvailable PooledDataSource found supported DataSource; NestedCondition on DataSourceAutoConfiguration.PooledDataSourceCondition.ExplicitType @ConditionalOnProperty (spring.datasource.type) did not find property 'type' (DataSourceAutoConfiguration.PooledDataSourceCondition)
      - @ConditionalOnMissingBean (types: javax.sql.DataSource,javax.sql.XADataSource; SearchStrategy: all) did not find any beans (OnBeanCondition)

   DataSourceAutoConfiguration.PooledDataSourceConfiguration#jdbcConnectionDetails matched:
      - @ConditionalOnMissingBean (types: org.springframework.boot.autoconfigure.jdbc.JdbcConnectionDetails; SearchStrategy: all) did not find any beans (OnBeanCondition)

   DataSourceConfiguration.Hikari matched:
      - @ConditionalOnClass found required class 'com.zaxxer.hikari.HikariDataSource' (OnClassCondition)
      - @ConditionalOnProperty (spring.datasource.type=com.zaxxer.hikari.HikariDataSource) matched (OnPropertyCondition)
      - @ConditionalOnMissingBean (types: javax.sql.DataSource; SearchStrategy: all) did not find any beans (OnBeanCondition)

   DataSourceInitializationConfiguration matched:
      - @ConditionalOnClass found required class 'org.springframework.jdbc.datasource.init.DatabasePopulator' (OnClassCondition)
      - @ConditionalOnSingleCandidate (types: javax.sql.DataSource; SearchStrategy: all) found a single bean 'dataSource'; @ConditionalOnMissingBean (types: org.springframework.boot.autoconfigure.sql.init.SqlDataSourceScriptDatabaseInitializer,org.springframework.boot.autoconfigure.sql.init.SqlR2dbcScriptDatabaseInitializer; SearchStrategy: all) did not find any beans (OnBeanCondition)

   DataSourcePoolMetadataProvidersConfiguration.HikariPoolDataSourceMetadataProviderConfiguration matched:
      - @ConditionalOnClass found required class 'com.zaxxer.hikari.HikariDataSource' (OnClassCondition)

   DataSourceTransactionManagerAutoConfiguration matched:
      - @ConditionalOnClass found required classes 'javax.sql.DataSource', 'org.springframework.jdbc.core.JdbcTemplate', 'org.springframework.transaction.TransactionManager' (OnClassCondition)

   DataSourceTransactionManagerAutoConfiguration.JdbcTransactionManagerConfiguration matched:
      - @ConditionalOnSingleCandidate (types: javax.sql.DataSource; SearchStrategy: all) found a single bean 'dataSource' (OnBeanCondition)

   HibernateJpaAutoConfiguration matched:
      - @ConditionalOnClass found required classes 'org.springframework.orm.jpa.LocalContainerEntityManagerFactoryBean', 'jakarta.persistence.EntityManager', 'org.hibernate.engine.spi.SessionImplementor' (OnClassCondition)

   HibernateJpaConfiguration matched:
      - @ConditionalOnSingleCandidate (types: javax.sql.DataSource; SearchStrategy: all) found a single bean 'dataSource' (OnBeanCondition)

   JdbcClientAutoConfiguration matched:
      - @ConditionalOnSingleCandidate (types: org.springframework.jdbc.core.namedparam.NamedParameterJdbcTemplate; SearchStrategy: all) found a single bean 'namedParameterJdbcTemplate'; @ConditionalOnMissingBean (types: org.springframework.jdbc.core.simple.JdbcClient; SearchStrategy: all) did not find any beans (OnBeanCondition)

   JdbcTemplateAutoConfiguration matched:
      - @ConditionalOnClass found required classes 'javax.sql.DataSource', 'org.springframework.jdbc.core.JdbcTemplate' (OnClassCondition)
      - @ConditionalOnSingleCandidate (types: javax.sql.DataSource; SearchStrategy: all) found a single bean 'dataSource' (OnBeanCondition)

   JdbcTemplateConfiguration matched:
      - @ConditionalOnMissingBean (types: org.springframework.jdbc.core.JdbcOperations; SearchStrategy: all) did not find any beans (OnBeanCondition)

   JpaBaseConfiguration#entityManagerFactory matched:
      - @ConditionalOnMissingBean (types: org.springframework.orm.jpa.LocalContainerEntityManagerFactoryBean,jakarta.persistence.EntityManagerFactory; SearchStrategy: all) did not find any beans (OnBeanCondition)

   JpaBaseConfiguration#entityManagerFactoryBuilder matched:
      - @ConditionalOnMissingBean (types: org.springframework.boot.orm.jpa.EntityManagerFactoryBuilder; SearchStrategy: all) did not find any beans (OnBeanCondition)

   JpaBaseConfiguration#jpaVendorAdapter matched:
      - @ConditionalOnMissingBean (types: org.springframework.orm.jpa.JpaVendorAdapter; SearchStrategy: all) did not find any beans (OnBeanCondition)

   JpaBaseConfiguration#transactionManager matched:
      - @ConditionalOnMissingBean (types: org.springframework.transaction.TransactionManager; SearchStrategy: all) did not find any beans (OnBeanCondition)

   JpaBaseConfiguration.PersistenceManagedTypesConfiguration matched:
      - @ConditionalOnMissingBean (types: org.springframework.orm.jpa.LocalContainerEntityManagerFactoryBean,jakarta.persistence.EntityManagerFactory; SearchStrategy: all) did not find any beans (OnBeanCondition)

   JpaBaseConfiguration.PersistenceManagedTypesConfiguration#persistenceManagedTypes matched:
      - @ConditionalOnMissingBean (types: org.springframework.orm.jpa.persistenceunit.PersistenceManagedTypes; SearchStrategy: all) did not find any beans (OnBeanCondition)

   JpaRepositoriesAutoConfiguration matched:
      - @ConditionalOnClass found required class 'org.springframework.data.jpa.repository.JpaRepository' (OnClassCondition)
      - @ConditionalOnProperty (spring.data.jpa.repositories.enabled=true) matched (OnPropertyCondition)
      - @ConditionalOnBean (types: javax.sql.DataSource; SearchStrategy: all) found bean 'dataSource'; @ConditionalOnMissingBean (types: org.springframework.data.jpa.repository.support.JpaRepositoryFactoryBean,org.springframework.data.jpa.repository.config.JpaRepositoryConfigExtension; SearchStrategy: all) did not find any beans (OnBeanCondition)

   NamedParameterJdbcTemplateConfiguration matched:
      - @ConditionalOnSingleCandidate (types: org.springframework.jdbc.core.JdbcTemplate; SearchStrategy: all) found a single bean 'jdbcTemplate'; @ConditionalOnMissingBean (types: org.springframework.jdbc.core.namedparam.NamedParameterJdbcOperations; SearchStrategy: all) did not find any beans (OnBeanCondition)

   NoOpCacheConfiguration matched:
      - Cache org.springframework.boot.autoconfigure.cache.NoOpCacheConfiguration NONE cache type (CacheCondition)

   SqlInitializationAutoConfiguration matched:
      - @ConditionalOnProperty (spring.sql.init.enabled) matched (OnPropertyCondition)
      - NoneNestedConditions 0 matched 1 did not; NestedCondition on SqlInitializationAutoConfiguration.SqlInitializationModeCondition.ModeIsNever @ConditionalOnProperty (spring.sql.init.mode=never) did not find property 'mode' (SqlInitializationAutoConfiguration.SqlInitializationModeCondition)

   TestDatabaseAutoConfiguration#embeddedDataSourceBeanFactoryPostProcessor matched:
      - @ConditionalOnProperty (spring.test.database.replace=ANY) matched (OnPropertyCondition)

   TestEntityManagerAutoConfiguration matched:
      - @ConditionalOnClass found required class 'jakarta.persistence.EntityManagerFactory' (OnClassCondition)

   TestEntityManagerAutoConfiguration#testEntityManager matched:
      - @ConditionalOnMissingBean (types: org.springframework.boot.test.autoconfigure.orm.jpa.TestEntityManager; SearchStrategy: all) did not find any beans (OnBeanCondition)

   TransactionAutoConfiguration matched:
      - @ConditionalOnClass found required class 'org.springframework.transaction.PlatformTransactionManager' (OnClassCondition)

   TransactionAutoConfiguration.EnableTransactionManagementConfiguration matched:
      - @ConditionalOnBean (types: org.springframework.transaction.TransactionManager; SearchStrategy: all) found bean 'transactionManager'; @ConditionalOnMissingBean (types: org.springframework.transaction.annotation.AbstractTransactionManagementConfiguration; SearchStrategy: all) did not find any beans (OnBeanCondition)

   TransactionAutoConfiguration.EnableTransactionManagementConfiguration.CglibAutoProxyConfiguration matched:
      - @ConditionalOnProperty (spring.aop.proxy-target-class=true) matched (OnPropertyCondition)

   TransactionAutoConfiguration.TransactionTemplateConfiguration matched:
      - @ConditionalOnSingleCandidate (types: org.springframework.transaction.PlatformTransactionManager; SearchStrategy: all) found a single bean 'transactionManager' (OnBeanCondition)

   TransactionAutoConfiguration.TransactionTemplateConfiguration#transactionTemplate matched:
      - @ConditionalOnMissingBean (types: org.springframework.transaction.support.TransactionOperations; SearchStrategy: all) did not find any beans (OnBeanCondition)


Negative matches:
-----------------

   Cache2kCacheConfiguration:
      Did not match:
         - @ConditionalOnClass did not find required class 'org.cache2k.Cache2kBuilder' (OnClassCondition)

   CacheAutoConfiguration:
      Did not match:
         - @ConditionalOnBean (types: org.springframework.cache.interceptor.CacheAspectSupport; SearchStrategy: all) did not find any beans of type org.springframework.cache.interceptor.CacheAspectSupport (OnBeanCondition)
      Matched:
         - @ConditionalOnClass found required class 'org.springframework.cache.CacheManager' (OnClassCondition)

   CacheAutoConfiguration.CacheManagerEntityManagerFactoryDependsOnPostProcessor:
      Did not match:
         - Ancestor org.springframework.boot.autoconfigure.cache.CacheAutoConfiguration did not match (ConditionEvaluationReport.AncestorsMatchedCondition)
      Matched:
         - @ConditionalOnClass found required class 'org.springframework.orm.jpa.LocalContainerEntityManagerFactoryBean' (OnClassCondition)

   CaffeineCacheConfiguration:
      Did not match:
         - @ConditionalOnClass did not find required class 'com.github.benmanes.caffeine.cache.Caffeine' (OnClassCondition)

   CouchbaseCacheConfiguration:
      Did not match:
         - @ConditionalOnClass did not find required class 'com.couchbase.client.java.Cluster' (OnClassCondition)

   DataSourceAutoConfiguration.EmbeddedDatabaseConfiguration:
      Did not match:
         - EmbeddedDataSource found supported pooled data source (DataSourceAutoConfiguration.EmbeddedDatabaseCondition)

   DataSourceCheckpointRestoreConfiguration:
      Did not match:
         - @ConditionalOnClass did not find required class 'org.crac.Resource' (OnClassCondition)

   DataSourceConfiguration.Dbcp2:
      Did not match:
         - @ConditionalOnClass did not find required class 'org.apache.commons.dbcp2.BasicDataSource' (OnClassCondition)

   DataSourceConfiguration.Generic:
      Did not match:
         - @ConditionalOnProperty (spring.datasource.type) did not find property 'spring.datasource.type' (OnPropertyCondition)

   DataSourceConfiguration.OracleUcp:
      Did not match:
         - @ConditionalOnClass did not find required classes 'oracle.ucp.jdbc.PoolDataSourceImpl', 'oracle.jdbc.OracleConnection' (OnClassCondition)

   DataSourceConfiguration.Tomcat:
      Did not match:
         - @ConditionalOnClass did not find required class 'org.apache.tomcat.jdbc.pool.DataSource' (OnClassCondition)

   DataSourceJmxConfiguration:
      Did not match:
         - @ConditionalOnProperty (spring.jmx.enabled=true) found different value in property 'enabled' (OnPropertyCondition)

   DataSourcePoolMetadataProvidersConfiguration.CommonsDbcp2PoolDataSourceMetadataProviderConfiguration:
      Did not match:
         - @ConditionalOnClass did not find required class 'org.apache.commons.dbcp2.BasicDataSource' (OnClassCondition)

   DataSourcePoolMetadataProvidersConfiguration.OracleUcpPoolDataSourceMetadataProviderConfiguration:
      Did not match:
         - @ConditionalOnClass did not find required classes 'oracle.ucp.jdbc.PoolDataSource', 'oracle.jdbc.OracleConnection' (OnClassCondition)

   DataSourcePoolMetadataProvidersConfiguration.TomcatDataSourcePoolMetadataProviderConfiguration:
      Did not match:
         - @ConditionalOnClass did not find required class 'org.apache.tomcat.jdbc.pool.DataSource' (OnClassCondition)

   DataSourceTransactionManagerAutoConfiguration.JdbcTransactionManagerConfiguration#transactionManager:
      Did not match:
         - @ConditionalOnMissingBean (types: org.springframework.transaction.TransactionManager; SearchStrategy: all) found beans of type 'org.springframework.transaction.TransactionManager' transactionManager (OnBeanCondition)

   FlywayAutoConfiguration:
      Did not match:
         - @ConditionalOnClass did not find required class 'org.flywaydb.core.Flyway' (OnClassCondition)

   GenericCacheConfiguration:
      Did not match:
         - Cache org.springframework.boot.autoconfigure.cache.GenericCacheConfiguration unknown cache type (CacheCondition)

   HazelcastCacheConfiguration:
      Did not match:
         - @ConditionalOnClass did not find required class 'com.hazelcast.core.HazelcastInstance' (OnClassCondition)

   InfinispanCacheConfiguration:
      Did not match:
         - @ConditionalOnClass did not find required class 'org.infinispan.spring.embedded.provider.SpringEmbeddedCacheManager' (OnClassCondition)

   JCacheCacheConfiguration:
      Did not match:
         - @ConditionalOnClass did not find required class 'javax.cache.Caching' (OnClassCondition)

   JpaBaseConfiguration.JpaWebConfiguration:
      Did not match:
         - @ConditionalOnClass did not find required class 'org.springframework.web.servlet.config.annotation.WebMvcConfigurer' (OnClassCondition)

   JpaRepositoriesAutoConfiguration#entityManagerFactoryBootstrapExecutorCustomizer:
      Did not match:
         - AnyNestedCondition 0 matched 2 did not; NestedCondition on JpaRepositoriesAutoConfiguration.BootstrapExecutorCondition.LazyBootstrapMode @ConditionalOnProperty (spring.data.jpa.repositories.bootstrap-mode=lazy) found different value in property 'bootstrap-mode'; NestedCondition on JpaRepositoriesAutoConfiguration.BootstrapExecutorCondition.DeferredBootstrapMode @ConditionalOnProperty (spring.data.jpa.repositories.bootstrap-mode=deferred) found different value in property 'bootstrap-mode' (JpaRepositoriesAutoConfiguration.BootstrapExecutorCondition)

   LiquibaseAutoConfiguration:
      Did not match:
         - @ConditionalOnClass did not find required class 'liquibase.change.DatabaseChange' (OnClassCondition)

   R2dbcInitializationConfiguration:
      Did not match:
         - @ConditionalOnClass did not find required classes 'io.r2dbc.spi.ConnectionFactory', 'org.springframework.r2dbc.connection.init.DatabasePopulator' (OnClassCondition)

   RedisCacheConfiguration:
      Did not match:
         - @ConditionalOnClass did not find required class 'org.springframework.data.redis.connection.RedisConnectionFactory' (OnClassCondition)

   SimpleCacheConfiguration:
      Did not match:
         - Cache org.springframework.boot.autoconfigure.cache.SimpleCacheConfiguration unknown cache type (CacheCondition)

   TestDatabaseAutoConfiguration#dataSource:
      Did not match:
         - @ConditionalOnProperty (spring.test.database.replace=AUTO_CONFIGURED) did not find property 'replace' (OnPropertyCondition)

   TransactionAutoConfiguration#transactionalOperator:
      Did not match:
         - @ConditionalOnSingleCandidate (types: org.springframework.transaction.ReactiveTransactionManager; SearchStrategy: all) did not find any beans (OnBeanCondition)

   TransactionAutoConfiguration.AspectJTransactionManagementConfiguration:
      Did not match:
         - @ConditionalOnBean (types: org.springframework.transaction.aspectj.AbstractTransactionAspect; SearchStrategy: all) did not find any beans of type org.springframework.transaction.aspectj.AbstractTransactionAspect (OnBeanCondition)

   TransactionAutoConfiguration.EnableTransactionManagementConfiguration.JdkDynamicAutoProxyConfiguration:
      Did not match:
         - @ConditionalOnProperty (spring.aop.proxy-target-class=false) did not find property 'proxy-target-class' (OnPropertyCondition)


Exclusions:
-----------

    None


Unconditional classes:
----------------------

    org.springframework.boot.test.autoconfigure.jdbc.TestDatabaseAutoConfiguration



2026-06-18T10:48:13.117+05:30  INFO 26888 --- [           main] c.c.h.repository.EmployeeRepositoryTest  : Started EmployeeRepositoryTest in 56.928 seconds (process running for 67.032)
2026-06-18T10:48:14.855+05:30 DEBUG 26888 --- [           main] org.hibernate.SQL                        : insert into employee (department,first_name,last_name,manager_id,id) values (?,?,?,?,default)
Hibernate: insert into employee (department,first_name,last_name,manager_id,id) values (?,?,?,?,default)
2026-06-18T10:48:14.906+05:30 DEBUG 26888 --- [           main] org.hibernate.SQL                        : insert into full_time_employee (annual_salary,id) values (?,?)
Hibernate: insert into full_time_employee (annual_salary,id) values (?,?)
2026-06-18T10:48:14.919+05:30 DEBUG 26888 --- [           main] org.hibernate.SQL                        : insert into employee (department,first_name,last_name,manager_id,id) values (?,?,?,?,default)
Hibernate: insert into employee (department,first_name,last_name,manager_id,id) values (?,?,?,?,default)
2026-06-18T10:48:14.920+05:30 DEBUG 26888 --- [           main] org.hibernate.SQL                        : insert into full_time_employee (annual_salary,id) values (?,?)
Hibernate: insert into full_time_employee (annual_salary,id) values (?,?)
2026-06-18T10:48:14.922+05:30 DEBUG 26888 --- [           main] org.hibernate.SQL                        : insert into employee (department,first_name,last_name,manager_id,id) values (?,?,?,?,default)
Hibernate: insert into employee (department,first_name,last_name,manager_id,id) values (?,?,?,?,default)
2026-06-18T10:48:14.923+05:30 DEBUG 26888 --- [           main] org.hibernate.SQL                        : insert into contractor (hourly_rate,vendor_name,id) values (?,?,?)
Hibernate: insert into contractor (hourly_rate,vendor_name,id) values (?,?,?)
2026-06-18T10:48:16.535+05:30 DEBUG 26888 --- [           main] org.hibernate.SQL                        : select (e1_0.first_name||' '||e1_0.last_name),count(dr1_0.id) from employee e1_0 join employee dr1_0 on e1_0.id=dr1_0.manager_id group by e1_0.id,e1_0.first_name,e1_0.last_name order by e1_0.id
Hibernate: select (e1_0.first_name||' '||e1_0.last_name),count(dr1_0.id) from employee e1_0 join employee dr1_0 on e1_0.id=dr1_0.manager_id group by e1_0.id,e1_0.first_name,e1_0.last_name order by e1_0.id
2026-06-18T10:48:16.617+05:30 DEBUG 26888 --- [           main] org.hibernate.SQL                        : select e1_0.id,case when e1_1.id is not null then 1 when e1_2.id is not null then 2 end,e1_0.department,e1_0.first_name,e1_0.last_name,e1_0.manager_id,e1_1.hourly_rate,e1_1.vendor_name,e1_2.annual_salary from employee e1_0 left join contractor e1_1 on e1_0.id=e1_1.id left join full_time_employee e1_2 on e1_0.id=e1_2.id
Hibernate: select e1_0.id,case when e1_1.id is not null then 1 when e1_2.id is not null then 2 end,e1_0.department,e1_0.first_name,e1_0.last_name,e1_0.manager_id,e1_1.hourly_rate,e1_1.vendor_name,e1_2.annual_salary from employee e1_0 left join contractor e1_1 on e1_0.id=e1_1.id left join full_time_employee e1_2 on e1_0.id=e1_2.id
]]></system-out>
    <system-err><![CDATA[WARNING: A Java agent has been loaded dynamically (C:\Users\ruchi\.m2\repository\net\bytebuddy\byte-buddy-agent\1.14.18\byte-buddy-agent-1.14.18.jar)
WARNING: If a serviceability tool is in use, please run with -XX:+EnableDynamicAgentLoading to hide this warning
WARNING: If a serviceability tool is not in use, please run with -Djdk.instrument.traceUsage for more information
WARNING: Dynamic loading of agents will be disallowed by default in a future release
]]></system-err>
  </testcase>
  <testcase name="shouldFindEmployeesByManagerFirstNameAndDepartment" classname="com.corpmatrix.hr.repository.EmployeeRepositoryTest" time="0.127">
    <system-out><![CDATA[2026-06-18T10:48:16.777+05:30 DEBUG 26888 --- [           main] org.hibernate.SQL                        : insert into employee (department,first_name,last_name,manager_id,id) values (?,?,?,?,default)
Hibernate: insert into employee (department,first_name,last_name,manager_id,id) values (?,?,?,?,default)
2026-06-18T10:48:16.789+05:30 DEBUG 26888 --- [           main] org.hibernate.SQL                        : insert into full_time_employee (annual_salary,id) values (?,?)
Hibernate: insert into full_time_employee (annual_salary,id) values (?,?)
2026-06-18T10:48:16.793+05:30 DEBUG 26888 --- [           main] org.hibernate.SQL                        : insert into employee (department,first_name,last_name,manager_id,id) values (?,?,?,?,default)
Hibernate: insert into employee (department,first_name,last_name,manager_id,id) values (?,?,?,?,default)
2026-06-18T10:48:16.796+05:30 DEBUG 26888 --- [           main] org.hibernate.SQL                        : insert into full_time_employee (annual_salary,id) values (?,?)
Hibernate: insert into full_time_employee (annual_salary,id) values (?,?)
2026-06-18T10:48:16.798+05:30 DEBUG 26888 --- [           main] org.hibernate.SQL                        : insert into employee (department,first_name,last_name,manager_id,id) values (?,?,?,?,default)
Hibernate: insert into employee (department,first_name,last_name,manager_id,id) values (?,?,?,?,default)
2026-06-18T10:48:16.800+05:30 DEBUG 26888 --- [           main] org.hibernate.SQL                        : insert into contractor (hourly_rate,vendor_name,id) values (?,?,?)
Hibernate: insert into contractor (hourly_rate,vendor_name,id) values (?,?,?)
2026-06-18T10:48:16.867+05:30 DEBUG 26888 --- [           main] org.hibernate.SQL                        : select e1_0.id,case when e1_1.id is not null then 1 when e1_2.id is not null then 2 end,e1_0.department,e1_0.first_name,e1_0.last_name,e1_0.manager_id,e1_1.hourly_rate,e1_1.vendor_name,e1_2.annual_salary from employee e1_0 left join contractor e1_1 on e1_0.id=e1_1.id left join full_time_employee e1_2 on e1_0.id=e1_2.id left join employee m1_0 on m1_0.id=e1_0.manager_id where m1_0.first_name=? and e1_0.department=?
Hibernate: select e1_0.id,case when e1_1.id is not null then 1 when e1_2.id is not null then 2 end,e1_0.department,e1_0.first_name,e1_0.last_name,e1_0.manager_id,e1_1.hourly_rate,e1_1.vendor_name,e1_2.annual_salary from employee e1_0 left join contractor e1_1 on e1_0.id=e1_1.id left join full_time_employee e1_2 on e1_0.id=e1_2.id left join employee m1_0 on m1_0.id=e1_0.manager_id where m1_0.first_name=? and e1_0.department=?
]]></system-out>
  </testcase>
</testsuite>