<?xml version="1.0" encoding="UTF-8"?>
<testsuite xmlns:xsi="http://www.w3.org/2001/XMLSchema-instance" xsi:noNamespaceSchemaLocation="https://maven.apache.org/surefire/maven-surefire-plugin/xsd/surefire-test-report-3.0.xsd" version="3.0" name="com.fortress.auth.security.JwtProviderTest" time="1.386" tests="4" errors="0" skipped="0" failures="0">
  <properties>
[...]
</properties>
  <testcase name="shouldGenerateJwtWithExpectedClaimsAndFifteenMinuteValidity" classname="com.fortress.auth.security.JwtProviderTest" time="1.196"/>
  <testcase name="shouldExtractUsernameFromValidToken" classname="com.fortress.auth.security.JwtProviderTest" time="0.008"/>
  <testcase name="shouldPropagateExpiredJwtExceptionForExpiredTokens" classname="com.fortress.auth.security.JwtProviderTest" time="0.014"/>
  <testcase name="shouldPropagateSignatureExceptionForTamperedTokens" classname="com.fortress.auth.security.JwtProviderTest" time="0.044"/>
</testsuite>